app/proguard-rules.pro
-keepattributes *Annotation*
-keepclassmembers class * {
    @androidx.compose.runtime.Composable *;
}