app/build/outputs/mapping/release/seeds.txt
com.rstagit.rstadns.data.service.BootReceiver
com.rstagit.rstadns.ui.MainActivity
com.rstagit.rstadns.ui.components.DnsComponentsKt$StatCard$1: void invoke(androidx.compose.foundation.layout.ColumnScope,androidx.compose.runtime.Composer,int)
com.rstagit.rstadns.ui.screens.DnsScreenKt$FilterRow$1$2: void invoke(androidx.compose.foundation.lazy.LazyItemScope,androidx.compose.runtime.Composer,int)
com.rstagit.rstadns.ui.screens.DnsScreenKt$ServersTab$1$1$invoke$$inlined$items$default$4: void invoke(androidx.compose.foundation.lazy.LazyItemScope,int,androidx.compose.runtime.Composer,int)
com.rstagit.rstadns.ui.screens.ComposableSingletons$DnsScreenKt$lambda-7$1: void invoke(androidx.compose.runtime.Composer,int)
com.rstagit.rstadns.ui.screens.DnsScreenKt: void SettingsCard(androidx.compose.ui.graphics.vector.ImageVector,java.lang.String,java.lang.String,kotlin.jvm.functions.Function0,androidx.compose.runtime.Composer,int)
com.rstagit.rstadns.ui.components.DnsComponentsKt: void StatCard-cf5BqRc(java.lang.String,java.lang.String,long,androidx.compose.ui.Modifier,androidx.compose.runtime.Composer,int,int)
com.rstagit.rstadns.ui.screens.ComposableSingletons$DnsScreenKt$lambda-2$1: void invoke(androidx.compose.foundation.lazy.LazyItemScope,androidx.compose.runtime.Composer,int)
com.rstagit.rstadns.ui.screens.DnsScreenKt: void ServerSearchBar(java.lang.String,kotlin.jvm.functions.Function1,androidx.compose.runtime.Composer,int)
com.rstagit.rstadns.ui.screens.DnsScreenKt$HomeTab$1$3: void invoke(androidx.compose.foundation.lazy.LazyItemScope,androidx.compose.runtime.Composer,int)
com.rstagit.rstadns.ui.components.DnsComponentsKt: void PingDot-rAjV9yQ(com.rstagit.rstadns.domain.model.PingStatus,float,androidx.compose.runtime.Composer,int,int)
com.rstagit.rstadns.ui.screens.DnsScreenKt$SettingsCard$1: void invoke(androidx.compose.foundation.layout.ColumnScope,androidx.compose.runtime.Composer,int)
com.rstagit.rstadns.domain.model.PingStatus: com.rstagit.rstadns.domain.model.PingStatus[] values()
com.rstagit.rstadns.ui.MainActivity: MainActivity()
com.rstagit.rstadns.ui.screens.DnsScreenKt: void PingAllSection(com.rstagit.rstadns.ui.DnsUiState,com.rstagit.rstadns.ui.DnsViewModel,androidx.compose.runtime.Composer,int)
com.rstagit.rstadns.ui.screens.DnsScreenKt: void DnsScreen(com.rstagit.rstadns.ui.DnsViewModel,androidx.compose.runtime.Composer,int)
com.rstagit.rstadns.domain.model.ConnectionStatus: com.rstagit.rstadns.domain.model.ConnectionStatus valueOf(java.lang.String)
com.rstagit.rstadns.ui.components.AddCustomDnsDialogKt$DnsTextField$2: void invoke(androidx.compose.runtime.Composer,int)
com.rstagit.rstadns.ui.screens.DnsScreenKt$FilterRow$1$1: void invoke(androidx.compose.foundation.lazy.LazyItemScope,androidx.compose.runtime.Composer,int)
com.rstagit.rstadns.ui.screens.DnsScreenKt: void EmptyState(androidx.compose.runtime.Composer,int)
com.rstagit.rstadns.domain.model.PingStatus: com.rstagit.rstadns.domain.model.PingStatus valueOf(java.lang.String)
com.rstagit.rstadns.ui.components.AddCustomDnsDialogKt$AddCustomDnsDialog$1: void invoke(androidx.compose.runtime.Composer,int)
com.rstagit.rstadns.ui.screens.ComposableSingletons$DnsScreenKt$lambda-3$1: void invoke(androidx.compose.foundation.lazy.LazyItemScope,androidx.compose.runtime.Composer,int)
com.rstagit.rstadns.ui.screens.DnsScreenKt$HomeTab$1$1: void invoke(androidx.compose.foundation.lazy.LazyItemScope,androidx.compose.runtime.Composer,int)
com.rstagit.rstadns.ui.screens.ComposableSingletons$DnsScreenKt$lambda-4$1: void invoke(androidx.compose.runtime.Composer,int)
com.rstagit.rstadns.domain.model.ConnectionStatus: com.rstagit.rstadns.domain.model.ConnectionStatus[] values()
com.rstagit.rstadns.ui.screens.DnsScreenKt$ServersTab$1$1$5$2: void invoke(androidx.compose.animation.AnimatedVisibilityScope,androidx.compose.runtime.Composer,int)
...
androidx.compose.ui.window.PopupLayout: androidx.compose.ui.unit.IntSize getPopupContentSize-bOM6tXw()
androidx.compose.material3.TextFieldDefaults: void TextFieldDecorationBox(java.lang.String,kotlin.jvm.functions.Function2,boolean,boolean,androidx.compose.ui.text.input.VisualTransformation,androidx.compose.foundation.interaction.InteractionSource,boolean,kotlin.jvm.functions.Function2,kotlin.jvm.functions.Function2,kotlin.jvm.functions.Function2,kotlin.jvm.functions.Function2,kotlin.jvm.functions.Function2,kotlin.jvm.functions.Function2,kotlin.jvm.functions.Function2,androidx.compose.ui.graphics.Shape,androidx.compose.material3.TextFieldColors,androidx.compose.foundation.layout.PaddingValues,kotlin.jvm.functions.Function2,androidx.compose.runtime.Composer,int,int,int)
androidx.compose.animation.core.TransitionKt: androidx.compose.runtime.State animateInt(androidx.compose.animation.core.Transition,kotlin.jvm.functions.Function3,java.lang.String,kotlin.jvm.functions.Function3,androidx.compose.runtime.Composer,int,int)
androidx.compose.ui.window.PopupLayout: void setTestTag(java.lang.String)
androidx.core.view.WindowInsetsCompat$BuilderImpl20: android.view.WindowInsets createWindowInsetsInstance()
androidx.compose.animation.AnimatedVisibilityKt: void AnimatedVisibility(androidx.compose.foundation.layout.RowScope,androidx.compose.animation.core.MutableTransitionState,androidx.compose.ui.Modifier,androidx.compose.animation.EnterTransition,androidx.compose.animation.ExitTransition,java.lang.String,kotlin.jvm.functions.Function3,androidx.compose.runtime.Composer,int,int)
androidx.compose.material.ripple.PlatformRipple: androidx.compose.material.ripple.RippleIndicationInstance rememberUpdatedRippleInstance-942rkJo(androidx.compose.foundation.interaction.InteractionSource,boolean,float,androidx.compose.runtime.State,androidx.compose.runtime.State,androidx.compose.runtime.Composer,int)
androidx.compose.material3.OutlinedTextFieldKt: void OutlinedTextField(androidx.compose.ui.text.input.TextFieldValue,kotlin.jvm.functions.Function1,androidx.compose.ui.Modifier,boolean,boolean,androidx.compose.ui.text.TextStyle,kotlin.jvm.functions.Function2,kotlin.jvm.functions.Function2,kotlin.jvm.functions.Function2,kotlin.jvm.functions.Function2,kotlin.jvm.functions.Function2,boolean,androidx.compose.ui.text.input.VisualTransformation,androidx.compose.foundation.text.KeyboardOptions,androidx.compose.foundation.text.KeyboardActions,boolean,int,int,androidx.compose.foundation.interaction.MutableInteractionSource,androidx.compose.ui.graphics.Shape,androidx.compose.material3.TextFieldColors,androidx.compose.runtime.Composer,int,int,int,int)
androidx.compose.ui.platform.AndroidComposeView: androidx.compose.ui.platform.AccessibilityManager getAccessibilityManager()
androidx.compose.ui.graphics.Api26Bitmap: androidx.compose.ui.graphics.colorspace.ColorSpace composeColorSpace$ui_graphics_release(android.graphics.Bitmap)
androidx.compose.material3.TextFieldImplKt$Decoration$contentWithColor$1: void invoke(androidx.compose.runtime.Composer,int)
androidx.core.view.WindowCompat$Api16Impl: void setDecorFitsSystemWindows(android.view.Window,boolean)
androidx.compose.ui.graphics.TileModeVerificationHelper: int getComposeTileModeDecal-3opZhB0()
androidx.core.view.ViewCompat$Api16Impl: void removeOnGlobalLayoutListener(android.view.ViewTreeObserver,android.view.ViewTreeObserver$OnGlobalLayoutListener)
androidx.compose.ui.platform.AndroidComposeView: androidx.compose.ui.text.font.FontFamily$Resolver getFontFamilyResolver()
androidx.lifecycle.ReportFragment$LifecycleCallbacks: ReportFragment$LifecycleCallbacks()
androidx.profileinstaller.ProfileInstallerInitializer$Choreographer16Impl: void postFrameCallback(java.lang.Runnable)
androidx.compose.ui.unit.LayoutDirection: androidx.compose.ui.unit.LayoutDirection valueOf(java.lang.String)
androidx.compose.material3.FloatingActionButtonKt$ExtendedFloatingActionButton$5: void invoke(androidx.compose.runtime.Composer,int)