app/build/outputs/mapping/release/usage.txt
com.rstagit.rstadns.R$mipmap
com.rstagit.rstadns.R$string
com.rstagit.rstadns.R$style
com.rstagit.rstadns.R
com.rstagit.rstadns.data.repository.DnsRepository$special$$inlined$map$1$2$1:
    java.lang.Object L$0
com.rstagit.rstadns.data.service.BootReceiver:
    public static final int $stable
com.rstagit.rstadns.data.service.DnsPingService:
    public static final int $stable
    private static final int TIMEOUT_MS
com.rstagit.rstadns.domain.model.AppEvent$PingComplete
com.rstagit.rstadns.domain.model.AppEvent$ShowSnackbar:
    public static final int $stable
    public final java.lang.String component1()
    public final com.rstagit.rstadns.domain.model.AppEvent$ShowSnackbar copy(java.lang.String)
    public static synthetic com.rstagit.rstadns.domain.model.AppEvent$ShowSnackbar copy$default(com.rstagit.rstadns.domain.model.AppEvent$ShowSnackbar,java.lang.String,int,java.lang.Object)
com.rstagit.rstadns.domain.model.AppEvent:
    public static final int $stable
com.rstagit.rstadns.domain.model.ConnectionStatus:
    public static kotlin.enums.EnumEntries getEntries()
com.rstagit.rstadns.domain.model.DnsCategory:
    public static kotlin.enums.EnumEntries getEntries()
com.rstagit.rstadns.domain.model.DnsServer:
    public static final int $stable
    public final java.lang.String component1()
    public final boolean component10()
    public final java.lang.String component2()
    public final java.lang.String component3()
    public final java.lang.String component4()
    public final com.rstagit.rstadns.domain.model.DnsCategory component5()
    public final boolean component6()
    public final long component7()
    public final long component8()
    public final boolean component9()
    public final long getPrimaryPing()
com.rstagit.rstadns.domain.model.PingResult:
    public static final int $stable
    public final java.lang.String component1()
    public final long component2()
    public final long component3()
    public final long component4()
    public final com.rstagit.rstadns.domain.model.PingResult copy(java.lang.String,long,long,long)
    public static synthetic com.rstagit.rstadns.domain.model.PingResult copy$default(com.rstagit.rstadns.domain.model.PingResult,java.lang.String,long,long,long,int,java.lang.Object)
    public final long getTimestamp()
com.rstagit.rstadns.domain.model.PingState:
    public static final int $stable
    public void <init>()
    public final boolean component1()
    public final float component2()
    public final java.lang.String component3()
    public final com.rstagit.rstadns.domain.model.PingState copy(boolean,float,java.lang.String)
    public static synthetic com.rstagit.rstadns.domain.model.PingState copy$default(com.rstagit.rstadns.domain.model.PingState,boolean,float,java.lang.String,int,java.lang.Object)
com.rstagit.rstadns.domain.model.PingStatus:
    public static kotlin.enums.EnumEntries getEntries()
com.rstagit.rstadns.ui.DnsUiState:
    public static final int $stable
    public void <init>()
    public final com.rstagit.rstadns.domain.model.DnsCategory component1()
    public final java.lang.String component2()
    public final boolean component3()
    public final boolean component4()
    public final boolean component5()
    public final com.rstagit.rstadns.domain.model.PingState component6()
    public final com.rstagit.rstadns.domain.model.ConnectionStatus component7()
    public final com.rstagit.rstadns.domain.model.DnsServer component8()
    public final int component9()
com.rstagit.rstadns.ui.MainActivity:
    public static final int $stable
com.rstagit.rstadns.ui.theme.ColorKt:
    public static final long getAccentConnect()
    public static final long getAccentGlow()
    public static final long getBorderActive()
    public static final long getDisconnectedRed()
    public static final long getGlowRed()
    public static final long getSurfaceVariant()
    public static final long getTextAccent()
...
androidx.compose.ui.platform.DisposableSaveableStateRegistry:
    public static final int $stable
    static void <clinit>()
    public static void dispose()
androidx.compose.ui.platform.DisposableSaveableStateRegistry_androidKt$$InternalSyntheticLambda$1$fb9e35133bd00829bdb69f20e2ee1a54adba381599e4ebe4d145dd9fa7d0fd5d$0
androidx.compose.ui.platform.DisposableSaveableStateRegistry_androidKt$DisposableSaveableStateRegistry$1
androidx.compose.ui.platform.DisposableSaveableStateRegistry_androidKt$DisposableSaveableStateRegistry$saveableStateRegistry$1
androidx.compose.ui.platform.DragAndDropModifierOnDragListener$modifier$1:
    public static androidx.compose.ui.draganddrop.DragAndDropNode create()
    public static void update$39()
androidx.compose.ui.platform.DragAndDropModifierOnDragListener$rootDragAndDropNode$1
androidx.compose.ui.platform.DragAndDropModifierOnDragListener:
    public final kotlin.jvm.functions.Function3 startDrag
    public static androidx.compose.ui.Modifier getModifier()
    public final boolean isInterestedNode()
    public final void registerNodeInterest()
androidx.compose.ui.platform.DrawChildContainer:
    public static final int $stable
    static void <clinit>()
androidx.compose.ui.platform.EncodeHelper:
    public static final int $stable
    static void <clinit>()
    public static void encode()
    public final void encode(int)
    public static void encode$1()
    public static void encode$2()
    public static void encode$3()
    public static void encode$4()
    public static void encode$5()
    public static void encode-4Dl_Bck()
    public static void encode-6p3vJLY()
    public final void encode-8_81llA(long)
    public static void encode-VKZWuLQ()
    public static void encode-nzbMABs()
    public static java.lang.String encodedString()
    public static void reset()
androidx.compose.ui.platform.GlobalSnapshotManager$ensureStarted$1:
    public final java.lang.Object invoke$3()
androidx.compose.ui.platform.GlobalSnapshotManager$ensureStarted$2
androidx.compose.ui.platform.GlobalSnapshotManager:
    public static final int $stable
    public static final androidx.compose.ui.platform.GlobalSnapshotManager INSTANCE
    public static void ensureStarted()
androidx.compose.ui.platform.InfiniteAnimationPolicy
androidx.compose.ui.platform.InfiniteAnimationPolicyKt$withInfiniteAnimationFrameNanos$2
androidx.compose.ui.platform.InfiniteAnimationPolicyKt
androidx.compose.ui.platform.InspectableModifier$End:
    public final synthetic androidx.compose.ui.platform.InspectableModifier this$0
androidx.compose.ui.platform.InspectableModifier:
    static void <clinit>()
    public static androidx.compose.ui.platform.InspectableModifier$End getEnd()
androidx.compose.ui.platform.InspectableValueKt$NoInspectorInfo$1
androidx.compose.ui.platform.InspectableValueKt:
    public static final androidx.compose.ui.platform.AndroidComposeView$configurationChangeObserver$1 NoInspectorInfo
    public static boolean isDebugInspectorInfoEnabled
    static void <clinit>()
    public static final kotlin.jvm.functions.Function1 getNoInspectorInfo()
    public static final boolean isDebugInspectorInfoEnabled()
androidx.compose.ui.platform.InspectorInfo
androidx.compose.ui.platform.InspectorValueInfo:
    public static final int $stable
    public final kotlin.jvm.functions.Function1 info
    static void <clinit>()
androidx.compose.ui.platform.InvertMatrixKt
androidx.compose.ui.platform.JvmActuals_jvmKt
androidx.compose.ui.platform.LayerMatrixCache:
    public static final int $stable
    static void <clinit>()
androidx.compose.ui.platform.MotionDurationScaleImpl:
    public final void setScaleFactor(float)
androidx.compose.ui.platform.MutableSpanStyle
androidx.compose.ui.platform.OutlineResolver$$InternalSyntheticThrowCCEIfNotNull$74$8dc5078d4b9026ee56b02e4f86bfd93df439138131b13404fc6c76a2c26f53d0$0